app/build/intermediates/manifest_merge_blame_file/debug/manifest-merger-blame-debug-report.txt
1<?xml version="1.0" encoding="utf-8"?>
2<manifest xmlns:android="http://schemas.android.com/apk/res/android"
3    package="edu.illinois.fertillizeradulterationdetection"
4    android:versionCode="1"
5    android:versionName="1.0" >
6
7    <uses-sdk
8        android:minSdkVersion="24"
8-->src/main/AndroidManifest.xml
9        android:targetSdkVersion="29" />
9-->src/main/AndroidManifest.xml
10
11    <uses-permission android:name="android.permission.READ_EXTERNAL_STORAGE" />
11-->src/main/AndroidManifest.xml:6:5-80
11-->src/main/AndroidManifest.xml:6:22-77
12    <uses-permission android:name="android.permission.WRITE_EXTERNAL_STORAGE" />
12-->src/main/AndroidManifest.xml:7:5-81
12-->src/main/AndroidManifest.xml:7:22-78
13
14    <!-- Although the *SdkVersion is captured in gradle build files, this is required for non gradle builds -->
15    <!-- <uses-sdk android:minSdkVersion="14"/> -->
16    <uses-permission android:name="android.permission.ACCESS_NETWORK_STATE" />
16-->[com.google.firebase:firebase-database:19.3.0] AndroidManifest.xml:25:5-79
16-->[com.google.firebase:firebase-database:19.3.0] AndroidManifest.xml:25:22-76
17    <uses-permission android:name="android.permission.INTERNET" />
17-->[com.google.firebase:firebase-database:19.3.0] AndroidManifest.xml:26:5-67
17-->[com.google.firebase:firebase-database:19.3.0] AndroidManifest.xml:26:22-64
18    <uses-permission android:name="android.permission.WAKE_LOCK" /> <!-- Required by older versions of Google Play services to create IID tokens -->
18-->[com.google.android.gms:play-services-measurement-api:17.4.0] AndroidManifest.xml:24:5-68
18-->[com.google.android.gms:play-services-measurement-api:17.4.0] AndroidManifest.xml:24:22-65
19    <uses-permission android:name="com.google.android.c2dm.permission.RECEIVE" />
19-->[com.google.firebase:firebase-iid:20.1.5] AndroidManifest.xml:26:5-82
19-->[com.google.firebase:firebase-iid:20.1.5] AndroidManifest.xml:26:22-79
20    <uses-permission android:name="com.google.android.finsky.permission.BIND_GET_INSTALL_REFERRER_SERVICE" /> <!-- <uses-permission android:name="android.permission.ACCESS_COARSE_LOCATION" /> -->
20-->[com.google.android.gms:play-services-measurement:17.4.0] AndroidManifest.xml:26:5-110
20-->[com.google.android.gms:play-services-measurement:17.4.0] AndroidManifest.xml:26:22-107
21    <!-- <uses-feature -->
22    <!-- android:name="android.hardware.camera" -->
23    <!-- android:required="false" /> -->
24    <!-- <uses-feature android:name="android.hardware.location.gps"/> -->
25    <application
25-->src/main/AndroidManifest.xml:16:5-63:19
26        android:allowBackup="true"
26-->src/main/AndroidManifest.xml:17:9-35
27        android:appComponentFactory="androidx.core.app.CoreComponentFactory"
27-->[androidx.core:core:1.1.0] AndroidManifest.xml:24:18-86
28        android:debuggable="true"
29        android:extractNativeLibs="false"
30        android:icon="@mipmap/ic_launcher"
30-->src/main/AndroidManifest.xml:18:9-43
31        android:label="@string/app_name"
31-->src/main/AndroidManifest.xml:19:9-41
32        android:roundIcon="@mipmap/ic_launcher_round"
32-->src/main/AndroidManifest.xml:20:9-54
33        android:supportsRtl="true"
33-->src/main/AndroidManifest.xml:21:9-35
34        android:testOnly="true"
35        android:theme="@style/AppTheme" >
35-->src/main/AndroidManifest.xml:22:9-40
36        <activity
36-->src/main/AndroidManifest.xml:25:9-28:59
37            android:name="edu.illinois.fertilizeradulterationdetection.prediction.InstructionActivity"
37-->src/main/AndroidManifest.xml:26:13-59
38            android:label="@string/title_activity_instruction"
38-->src/main/AndroidManifest.xml:27:13-63
39            android:theme="@style/AppTheme.NoActionBar" />
39-->src/main/AndroidManifest.xml:28:13-56
40        <activity android:name="edu.illinois.fertilizeradulterationdetection.prediction.PredictActivity" />
40-->src/main/AndroidManifest.xml:29:9-30:58
40-->src/main/AndroidManifest.xml:30:13-55
41        <activity android:name="edu.illinois.fertilizeradulterationdetection.prediction.InfoActivity" />
41-->src/main/AndroidManifest.xml:31:9-32:55
41-->src/main/AndroidManifest.xml:32:13-52
42        <activity
42-->src/main/AndroidManifest.xml:33:9-36:59
43            android:name="edu.illinois.fertilizeradulterationdetection.userProfile.SignUpActivity"
43-->src/main/AndroidManifest.xml:34:13-55
44            android:label="UserProfileActivity"
44-->src/main/AndroidManifest.xml:35:13-48
45            android:theme="@style/AppTheme.NoActionBar" />
45-->src/main/AndroidManifest.xml:36:13-56
46        <activity
46-->src/main/AndroidManifest.xml:37:9-40:59
47            android:name="edu.illinois.fertilizeradulterationdetection.userProfile.LogInActivity"
47-->src/main/AndroidManifest.xml:38:13-54
48            android:label="LogInActivity"
48-->src/main/AndroidManifest.xml:39:13-42
49            android:theme="@style/AppTheme.NoActionBar" />
49-->src/main/AndroidManifest.xml:40:13-56
50        <activity
50-->src/main/AndroidManifest.xml:41:9-44:59
51            android:name="edu.illinois.fertilizeradulterationdetection.userProfile.VerificationActivity"
51-->src/main/AndroidManifest.xml:42:13-61
52            android:label="VerificationActivity"
52-->src/main/AndroidManifest.xml:43:13-49
53            android:theme="@style/AppTheme.NoActionBar" />
53-->src/main/AndroidManifest.xml:44:13-56
54        <activity
54-->src/main/AndroidManifest.xml:45:9-53:20
55            android:name="edu.illinois.fertilizeradulterationdetection.userProfile.InitActivity"
55-->src/main/AndroidManifest.xml:46:13-53
56            android:label="FAD"
56-->src/main/AndroidManifest.xml:47:13-32
57            android:theme="@style/AppTheme.NoActionBar" >
57-->src/main/AndroidManifest.xml:48:13-56
58            <intent-filter>
58-->src/main/AndroidManifest.xml:49:13-52:29
59                <action android:name="android.intent.action.MAIN" />
59-->src/main/AndroidManifest.xml:50:17-69
59-->src/main/AndroidManifest.xml:50:25-66
60
61                <category android:name="android.intent.category.LAUNCHER" />
61-->src/main/AndroidManifest.xml:51:17-77
61-->src/main/AndroidManifest.xml:51:27-74
62            </intent-filter>
63        </activity>
64        <activity
64-->src/main/AndroidManifest.xml:54:9-62:20
65            android:name="edu.illinois.fertilizeradulterationdetection.prediction.MainActivity"
65-->src/main/AndroidManifest.xml:55:13-52
66            android:label="@string/app_name"
66-->src/main/AndroidManifest.xml:56:13-45
67            android:theme="@style/AppTheme.NoActionBar" >
67-->src/main/AndroidManifest.xml:57:13-56
68
69            <!-- <intent-filter> -->
70            <!-- <action android:name="android.intent.action.MAIN" /> -->
71            <!-- <category android:name="android.intent.category.LAUNCHER" /> -->
72            <!-- </intent-filter> -->
73        </activity>
74
75        <service
75-->[com.google.firebase:firebase-database:19.3.0] AndroidManifest.xml:29:9-35:19
76            android:name="com.google.firebase.components.ComponentDiscoveryService"
76-->[com.google.firebase:firebase-database:19.3.0] AndroidManifest.xml:30:13-84
77            android:directBootAware="true"
77-->[com.google.firebase:firebase-common:19.3.0] AndroidManifest.xml:34:13-43
78            android:exported="false" >
78-->[com.google.firebase:firebase-database:19.3.0] AndroidManifest.xml:31:13-37
79            <meta-data
79-->[com.google.firebase:firebase-database:19.3.0] AndroidManifest.xml:32:13-34:85
80                android:name="com.google.firebase.components:com.google.firebase.database.DatabaseRegistrar"
80-->[com.google.firebase:firebase-database:19.3.0] AndroidManifest.xml:33:17-109
81                android:value="com.google.firebase.components.ComponentRegistrar" />
81-->[com.google.firebase:firebase-database:19.3.0] AndroidManifest.xml:34:17-82
82            <meta-data
82-->[com.google.firebase:firebase-storage:19.1.1] AndroidManifest.xml:33:13-35:85
83                android:name="com.google.firebase.components:com.google.firebase.storage.StorageRegistrar"
83-->[com.google.firebase:firebase-storage:19.1.1] AndroidManifest.xml:34:17-107
84                android:value="com.google.firebase.components.ComponentRegistrar" />
84-->[com.google.firebase:firebase-storage:19.1.1] AndroidManifest.xml:35:17-82
85            <meta-data
85-->[com.google.firebase:firebase-auth:19.3.1] AndroidManifest.xml:36:13-38:85
86                android:name="com.google.firebase.components:com.google.firebase.auth.FirebaseAuthRegistrar"
86-->[com.google.firebase:firebase-auth:19.3.1] AndroidManifest.xml:37:17-109
87                android:value="com.google.firebase.components.ComponentRegistrar" />
87-->[com.google.firebase:firebase-auth:19.3.1] AndroidManifest.xml:38:17-82
88            <meta-data
88-->[com.google.android.gms:play-services-measurement-api:17.4.0] AndroidManifest.xml:30:13-32:85
89                android:name="com.google.firebase.components:com.google.firebase.analytics.connector.internal.AnalyticsConnectorRegistrar"
89-->[com.google.android.gms:play-services-measurement-api:17.4.0] AndroidManifest.xml:31:17-139
90                android:value="com.google.firebase.components.ComponentRegistrar" />
90-->[com.google.android.gms:play-services-measurement-api:17.4.0] AndroidManifest.xml:32:17-82
91            <meta-data
91-->[com.google.firebase:firebase-iid:20.1.5] AndroidManifest.xml:32:13-34:85
92                android:name="com.google.firebase.components:com.google.firebase.iid.Registrar"
92-->[com.google.firebase:firebase-iid:20.1.5] AndroidManifest.xml:33:17-96
93                android:value="com.google.firebase.components.ComponentRegistrar" />
93-->[com.google.firebase:firebase-iid:20.1.5] AndroidManifest.xml:34:17-82
94            <meta-data
94-->[com.google.firebase:firebase-installations:16.2.1] AndroidManifest.xml:17:13-19:85
95                android:name="com.google.firebase.components:com.google.firebase.installations.FirebaseInstallationsRegistrar"
95-->[com.google.firebase:firebase-installations:16.2.1] AndroidManifest.xml:18:17-127
96                android:value="com.google.firebase.components.ComponentRegistrar" />
96-->[com.google.firebase:firebase-installations:16.2.1] AndroidManifest.xml:19:17-82
97        </service>
98
99        <activity
99-->[com.google.firebase:firebase-auth:19.3.1] AndroidManifest.xml:24:9-31:50
100            android:name="com.google.firebase.auth.internal.FederatedSignInActivity"
100-->[com.google.firebase:firebase-auth:19.3.1] AndroidManifest.xml:25:13-85
101            android:excludeFromRecents="true"
101-->[com.google.firebase:firebase-auth:19.3.1] AndroidManifest.xml:26:13-46
102            android:exported="true"
102-->[com.google.firebase:firebase-auth:19.3.1] AndroidManifest.xml:27:13-36
103            android:launchMode="singleTask"
103-->[com.google.firebase:firebase-auth:19.3.1] AndroidManifest.xml:28:13-44
104            android:permission="com.google.firebase.auth.api.gms.permission.LAUNCH_FEDERATED_SIGN_IN"
104-->[com.google.firebase:firebase-auth:19.3.1] AndroidManifest.xml:29:13-102
105            android:theme="@android:style/Theme.Translucent.NoTitleBar" />
105-->[com.google.firebase:firebase-auth:19.3.1] AndroidManifest.xml:30:13-72
106
107        <receiver
107-->[com.google.firebase:firebase-iid:20.1.5] AndroidManifest.xml:37:9-44:20
108            android:name="com.google.firebase.iid.FirebaseInstanceIdReceiver"
108-->[com.google.firebase:firebase-iid:20.1.5] AndroidManifest.xml:38:13-78
109            android:exported="true"
109-->[com.google.firebase:firebase-iid:20.1.5] AndroidManifest.xml:39:13-36
110            android:permission="com.google.android.c2dm.permission.SEND" >
110-->[com.google.firebase:firebase-iid:20.1.5] AndroidManifest.xml:40:13-73
111            <intent-filter>
111-->[com.google.firebase:firebase-iid:20.1.5] AndroidManifest.xml:41:13-43:29
112                <action android:name="com.google.android.c2dm.intent.RECEIVE" />
112-->[com.google.firebase:firebase-iid:20.1.5] AndroidManifest.xml:42:17-81
112-->[com.google.firebase:firebase-iid:20.1.5] AndroidManifest.xml:42:25-78
113            </intent-filter>
114        </receiver>
115
116        <provider
116-->[com.google.firebase:firebase-common:19.3.0] AndroidManifest.xml:26:9-30:39
117            android:name="com.google.firebase.provider.FirebaseInitProvider"
117-->[com.google.firebase:firebase-common:19.3.0] AndroidManifest.xml:27:13-77
118            android:authorities="edu.illinois.fertillizeradulterationdetection.firebaseinitprovider"
118-->[com.google.firebase:firebase-common:19.3.0] AndroidManifest.xml:28:13-72
119            android:exported="false"
119-->[com.google.firebase:firebase-common:19.3.0] AndroidManifest.xml:29:13-37
120            android:initOrder="100" />
120-->[com.google.firebase:firebase-common:19.3.0] AndroidManifest.xml:30:13-36
121
122        <receiver
122-->[com.google.android.gms:play-services-measurement:17.4.0] AndroidManifest.xml:29:9-33:20
123            android:name="com.google.android.gms.measurement.AppMeasurementReceiver"
123-->[com.google.android.gms:play-services-measurement:17.4.0] AndroidManifest.xml:30:13-85
124            android:enabled="true"
124-->[com.google.android.gms:play-services-measurement:17.4.0] AndroidManifest.xml:31:13-35
125            android:exported="false" >
125-->[com.google.android.gms:play-services-measurement:17.4.0] AndroidManifest.xml:32:13-37
126        </receiver>
127
128        <service
128-->[com.google.android.gms:play-services-measurement:17.4.0] AndroidManifest.xml:35:9-38:40
129            android:name="com.google.android.gms.measurement.AppMeasurementService"
129-->[com.google.android.gms:play-services-measurement:17.4.0] AndroidManifest.xml:36:13-84
130            android:enabled="true"
130-->[com.google.android.gms:play-services-measurement:17.4.0] AndroidManifest.xml:37:13-35
131            android:exported="false" />
131-->[com.google.android.gms:play-services-measurement:17.4.0] AndroidManifest.xml:38:13-37
132        <service
132-->[com.google.android.gms:play-services-measurement:17.4.0] AndroidManifest.xml:39:9-43:72
133            android:name="com.google.android.gms.measurement.AppMeasurementJobService"
133-->[com.google.android.gms:play-services-measurement:17.4.0] AndroidManifest.xml:40:13-87
134            android:enabled="true"
134-->[com.google.android.gms:play-services-measurement:17.4.0] AndroidManifest.xml:41:13-35
135            android:exported="false"
135-->[com.google.android.gms:play-services-measurement:17.4.0] AndroidManifest.xml:42:13-37
136            android:permission="android.permission.BIND_JOB_SERVICE" />
136-->[com.google.android.gms:play-services-measurement:17.4.0] AndroidManifest.xml:43:13-69
137
138        <activity
138-->[com.google.android.gms:play-services-base:17.1.0] AndroidManifest.xml:23:9-26:75
139            android:name="com.google.android.gms.common.api.GoogleApiActivity"
139-->[com.google.android.gms:play-services-base:17.1.0] AndroidManifest.xml:24:13-79
140            android:exported="false"
140-->[com.google.android.gms:play-services-base:17.1.0] AndroidManifest.xml:25:13-37
141            android:theme="@android:style/Theme.Translucent.NoTitleBar" />
141-->[com.google.android.gms:play-services-base:17.1.0] AndroidManifest.xml:26:13-72
142
143        <meta-data
143-->[com.google.android.gms:play-services-basement:17.0.0] AndroidManifest.xml:23:9-25:69
144            android:name="com.google.android.gms.version"
144-->[com.google.android.gms:play-services-basement:17.0.0] AndroidManifest.xml:24:13-58
145            android:value="@integer/google_play_services_version" />
145-->[com.google.android.gms:play-services-basement:17.0.0] AndroidManifest.xml:25:13-66
146    </application>
147
148</manifest>